This is pdfTeX, Version 3.14159265-2.6-1.40.15 (TeX Live 2014) (preloaded format=pdflatex 2015.2.25)  27 MAR 2015 16:43
entering extended mode
 restricted \write18 enabled.
 %&-line parsing enabled.
**proof.tex
(./proof.tex
LaTeX2e <2014/05/01>
Babel <3.9k> and hyphenation patterns for 78 languages loaded.

! LaTeX Error: Missing \begin{document}.

See the LaTeX manual or LaTeX Companion for explanation.
Type  H <return>  for immediate help.
 ...                                              
                                                  
l.1 1
     . \infer[\bo\backslash\textit{E}\bc]{(\textrm{Ik}\circ_{}(\textrm{begin...

? 
! Interruption.
\GenericError  ...                                
                                                  \endgroup 
l.1 1
     . \infer[\bo\backslash\textit{E}\bc]{(\textrm{Ik}\circ_{}(\textrm{begin...

? 
Missing character: There is no 1 in font nullfont!
Missing character: There is no . in font nullfont!
! Undefined control sequence.
l.1 1. \infer
             [\bo\backslash\textit{E}\bc]{(\textrm{Ik}\circ_{}(\textrm{begin...

? 
Missing character: There is no [ in font nullfont!
! Undefined control sequence.
l.1 1. \infer[\bo
                 \backslash\textit{E}\bc]{(\textrm{Ik}\circ_{}(\textrm{begin...

? 
! Emergency stop.
l.1 1. \infer[\bo
                 \backslash\textit{E}\bc]{(\textrm{Ik}\circ_{}(\textrm{begin...
End of file on the terminal!

 
Here is how much of TeX's memory you used:
 5 strings out of 493117
 119 string characters out of 6135433
 52909 words of memory out of 5000000
 3568 multiletter control sequences out of 15000+600000
 3640 words of font info for 14 fonts, out of 8000000 for 9000
 1141 hyphenation exceptions out of 8191
 5i,0n,4p,286b,14s stack positions out of 5000i,500n,10000p,200000b,80000s
!  ==> Fatal error occurred, no output PDF file produced!
