This file contains any messages produced by compilers while
running configure, to aid debugging if configure makes a mistake.

It was created by graillight configure 0.9, which was
generated by GNU Autoconf 2.69.  Invocation command line was

  $ ./configure 

## --------- ##
## Platform. ##
## --------- ##

hostname = armagh.home
uname -m = x86_64
uname -r = 15.2.0
uname -s = Darwin
uname -v = Darwin Kernel Version 15.2.0: Fri Nov 13 19:56:56 PST 2015; root:xnu-3248.20.55~2/RELEASE_X86_64

/usr/bin/uname -p = i386
/bin/uname -X     = unknown

/bin/arch              = unknown
/usr/bin/arch -k       = unknown
/usr/convex/getsysinfo = unknown
/usr/bin/hostinfo      = Mach kernel version:
	 Darwin Kernel Version 15.2.0: Fri Nov 13 19:56:56 PST 2015; root:xnu-3248.20.55~2/RELEASE_X86_64
Kernel configured for up to 4 processors.
2 processors are physically available.
4 processors are logically available.
Processor type: i486 (Intel 80486)
Processors active: 0 1 2 3
Primary memory available: 8.00 gigabytes
Default processor set: 280 tasks, 1244 threads, 4 processors
Load average: 1.29, Mach factor: 2.70
/bin/machine           = unknown
/usr/bin/oslevel       = unknown
/bin/universe          = unknown

PATH: /Applications/SWI-Prolog.app/Contents/MacOS/
PATH: /Library/TeX/texbin/
PATH: /opt/local/bin
PATH: /opt/local/sbin
PATH: /Users/moot/Library/Enthought/Canopy_32bit/User/bin
PATH: /usr/local/bin
PATH: /usr/bin
PATH: /bin
PATH: /usr/sbin
PATH: /sbin
PATH: /opt/X11/bin
PATH: /Library/TeX/texbin
PATH: /opt/X11/bin
PATH: /Users/moot/grailexec/bin
PATH: /Users/moot/checkout/Corpus/bin
PATH: /opt/local/bin
PATH: /Users/moot/Corpus/WSJ/candc-1.00/bin


## ----------- ##
## Core tests. ##
## ----------- ##

configure:1676: checking for swipl
configure:1694: found /Applications/SWI-Prolog.app/Contents/MacOS//swipl
configure:1707: result: /Applications/SWI-Prolog.app/Contents/MacOS//swipl
configure:1719: checking for tclsh
configure:1737: found /usr/bin/tclsh
configure:1750: result: /usr/bin/tclsh
configure:1762: checking for mv
configure:1780: found /bin/mv
configure:1793: result: /bin/mv
configure:1805: checking for sed
configure:1823: found /usr/bin/sed
configure:1836: result: /usr/bin/sed
configure:1850: checking for Preview
configure:1883: result: no
configure:1850: checking for acrobat
configure:1883: result: no
configure:1850: checking for acroread
configure:1883: result: no
configure:1850: checking for gv
configure:1883: result: no
configure:1850: checking for evince
configure:1883: result: no
configure:2053: creating ./config.status

## ---------------------- ##
## Running config.status. ##
## ---------------------- ##

This file was extended by graillight config.status 0.9, which was
generated by GNU Autoconf 2.69.  Invocation command line was

  CONFIG_FILES    = 
  CONFIG_HEADERS  = 
  CONFIG_LINKS    = 
  CONFIG_COMMANDS = 
  $ ./config.status 

on armagh.home

config.status:720: creating Makefile
config.status:720: creating chart.pl
config.status:720: creating lefff.pl

## ---------------- ##
## Cache variables. ##
## ---------------- ##

ac_cv_env_build_alias_set=
ac_cv_env_build_alias_value=
ac_cv_env_host_alias_set=
ac_cv_env_host_alias_value=
ac_cv_env_target_alias_set=
ac_cv_env_target_alias_value=
ac_cv_path_MV=/bin/mv
ac_cv_path_SED=/usr/bin/sed
ac_cv_path_SWIPL=/Applications/SWI-Prolog.app/Contents/MacOS//swipl
ac_cv_path_TCLSH=/usr/bin/tclsh

## ----------------- ##
## Output variables. ##
## ----------------- ##

DEFS='-DPACKAGE_NAME=\"graillight\" -DPACKAGE_TARNAME=\"graillight\" -DPACKAGE_VERSION=\"0.9\" -DPACKAGE_STRING=\"graillight\ 0.9\" -DPACKAGE_BUGREPORT=\"Richard.Moot@labri.fr\" -DPACKAGE_URL=\"\"'
ECHO_C='\c'
ECHO_N=''
ECHO_T=''
GRAIL_YEAR='2016'
LIBOBJS=''
LIBS=''
LTLIBOBJS=''
MV='/bin/mv'
PACKAGE_BUGREPORT='Richard.Moot@labri.fr'
PACKAGE_NAME='graillight'
PACKAGE_STRING='graillight 0.9'
PACKAGE_TARNAME='graillight'
PACKAGE_URL=''
PACKAGE_VERSION='0.9'
PATH_SEPARATOR=':'
PDF='NULL'
SED='/usr/bin/sed'
SHELL='/bin/sh'
SWIPL='/Applications/SWI-Prolog.app/Contents/MacOS//swipl'
TCLSH='/usr/bin/tclsh'
bindir='${exec_prefix}/bin'
build_alias=''
datadir='${datarootdir}'
datarootdir='${prefix}/share'
docdir='${datarootdir}/doc/${PACKAGE_TARNAME}'
dvidir='${docdir}'
exec_prefix='${prefix}'
host_alias=''
htmldir='${docdir}'
includedir='${prefix}/include'
infodir='${datarootdir}/info'
libdir='${exec_prefix}/lib'
libexecdir='${exec_prefix}/libexec'
localedir='${datarootdir}/locale'
localstatedir='${prefix}/var'
mandir='${datarootdir}/man'
oldincludedir='/usr/include'
pdfdir='${docdir}'
prefix='/usr/local'
program_transform_name='s,x,x,'
psdir='${docdir}'
sbindir='${exec_prefix}/sbin'
sharedstatedir='${prefix}/com'
sysconfdir='${prefix}/etc'
target_alias=''

## ----------- ##
## confdefs.h. ##
## ----------- ##

/* confdefs.h */
#define PACKAGE_NAME "graillight"
#define PACKAGE_TARNAME "graillight"
#define PACKAGE_VERSION "0.9"
#define PACKAGE_STRING "graillight 0.9"
#define PACKAGE_BUGREPORT "Richard.Moot@labri.fr"
#define PACKAGE_URL ""

configure: exit 0
